[2025-10-30T20:30:29.550+0000] {local_task_job_runner.py:123} INFO - ::group::Pre task execution logs
[2025-10-30T20:30:29.565+0000] {taskinstance.py:2614} INFO - Dependencies all met for dep_context=non-requeueable deps ti=<TaskInstance: earthquake_pipeline.run_producer manual__2025-10-30T20:16:08.091344+00:00 [queued]>
[2025-10-30T20:30:29.575+0000] {taskinstance.py:2614} INFO - Dependencies all met for dep_context=requeueable deps ti=<TaskInstance: earthquake_pipeline.run_producer manual__2025-10-30T20:16:08.091344+00:00 [queued]>
[2025-10-30T20:30:29.576+0000] {taskinstance.py:2867} INFO - Starting attempt 4 of 6
[2025-10-30T20:30:29.602+0000] {taskinstance.py:2890} INFO - Executing <Task(BashOperator): run_producer> on 2025-10-30 20:16:08.091344+00:00
[2025-10-30T20:30:29.616+0000] {standard_task_runner.py:104} INFO - Running: ['airflow', 'tasks', 'run', 'earthquake_pipeline', 'run_producer', 'manual__2025-10-30T20:16:08.091344+00:00', '--job-id', '45', '--raw', '--subdir', 'DAGS_FOLDER/earthquake_pipeline_dag.py', '--cfg-path', '/tmp/tmpvac5qbcg']
[2025-10-30T20:30:29.618+0000] {standard_task_runner.py:105} INFO - Job 45: Subtask run_producer
[2025-10-30T20:30:29.622+0000] {logging_mixin.py:190} WARNING - /home/bensha02019/USGov-Earthquake-Streaming-Analytics-Pipeline-GCP-Kafka-Dataflow-/venv/lib/python3.12/site-packages/airflow/task/task_runner/standard_task_runner.py:70 DeprecationWarning: This process (pid=195515) is multi-threaded, use of fork() may lead to deadlocks in the child.
[2025-10-30T20:30:29.624+0000] {standard_task_runner.py:72} INFO - Started process 195541 to run task
[2025-10-30T20:30:29.683+0000] {task_command.py:467} INFO - Running <TaskInstance: earthquake_pipeline.run_producer manual__2025-10-30T20:16:08.091344+00:00 [running]> on host cs-263639028873-default
[2025-10-30T20:30:29.769+0000] {taskinstance.py:3134} INFO - Exporting env vars: AIRFLOW_CTX_DAG_OWNER='bensha' AIRFLOW_CTX_DAG_ID='earthquake_pipeline' AIRFLOW_CTX_TASK_ID='run_producer' AIRFLOW_CTX_EXECUTION_DATE='2025-10-30T20:16:08.091344+00:00' AIRFLOW_CTX_TRY_NUMBER='4' AIRFLOW_CTX_DAG_RUN_ID='manual__2025-10-30T20:16:08.091344+00:00'
[2025-10-30T20:30:29.770+0000] {logging_mixin.py:190} INFO - Task instance is in running state
[2025-10-30T20:30:29.771+0000] {logging_mixin.py:190} INFO -  Previous state of the Task instance: queued
[2025-10-30T20:30:29.771+0000] {logging_mixin.py:190} INFO - Current task name:run_producer state:running start_date:2025-10-30 20:30:29.566066+00:00
[2025-10-30T20:30:29.771+0000] {logging_mixin.py:190} INFO - Dag name:earthquake_pipeline and current dag run status:running
[2025-10-30T20:30:29.771+0000] {taskinstance.py:732} INFO - ::endgroup::
[2025-10-30T20:30:29.772+0000] {subprocess.py:78} INFO - Tmp dir root location: /tmp
[2025-10-30T20:30:29.773+0000] {subprocess.py:88} INFO - Running command: ['/usr/bin/bash', '-c', '../venv/bin/python ../producer_usgs_.py']
[2025-10-30T20:30:29.790+0000] {subprocess.py:99} INFO - Output:
[2025-10-30T20:30:29.792+0000] {subprocess.py:106} INFO - /usr/bin/bash: line 1: ../venv/bin/python: No such file or directory
[2025-10-30T20:30:29.793+0000] {subprocess.py:110} INFO - Command exited with return code 127
[2025-10-30T20:30:29.804+0000] {taskinstance.py:3313} ERROR - Task failed with exception
Traceback (most recent call last):
  File "/home/bensha02019/USGov-Earthquake-Streaming-Analytics-Pipeline-GCP-Kafka-Dataflow-/venv/lib/python3.12/site-packages/airflow/models/taskinstance.py", line 768, in _execute_task
    result = _execute_callable(context=context, **execute_callable_kwargs)
             ^^^^^^^^^^^^^^^^^^^^^^^^^^^^^^^^^^^^^^^^^^^^^^^^^^^^^^^^^^^^^
  File "/home/bensha02019/USGov-Earthquake-Streaming-Analytics-Pipeline-GCP-Kafka-Dataflow-/venv/lib/python3.12/site-packages/airflow/models/taskinstance.py", line 734, in _execute_callable
    return ExecutionCallableRunner(
           ^^^^^^^^^^^^^^^^^^^^^^^^
  File "/home/bensha02019/USGov-Earthquake-Streaming-Analytics-Pipeline-GCP-Kafka-Dataflow-/venv/lib/python3.12/site-packages/airflow/utils/operator_helpers.py", line 252, in run
    return self.func(*args, **kwargs)
           ^^^^^^^^^^^^^^^^^^^^^^^^^^
  File "/home/bensha02019/USGov-Earthquake-Streaming-Analytics-Pipeline-GCP-Kafka-Dataflow-/venv/lib/python3.12/site-packages/airflow/models/baseoperator.py", line 424, in wrapper
    return func(self, *args, **kwargs)
           ^^^^^^^^^^^^^^^^^^^^^^^^^^^
  File "/home/bensha02019/USGov-Earthquake-Streaming-Analytics-Pipeline-GCP-Kafka-Dataflow-/venv/lib/python3.12/site-packages/airflow/operators/bash.py", line 276, in execute
    raise AirflowException(
airflow.exceptions.AirflowException: Bash command failed. The command returned a non-zero exit code 127.
[2025-10-30T20:30:29.815+0000] {logging_mixin.py:190} INFO - Task instance in failure state
[2025-10-30T20:30:29.815+0000] {logging_mixin.py:190} INFO - Task start:2025-10-30 20:30:29.566066+00:00 end:2025-10-30 20:30:29.814330+00:00 duration:0.248264
[2025-10-30T20:30:29.816+0000] {logging_mixin.py:190} INFO - Task:<Task(BashOperator): run_producer> dag:<DAG: earthquake_pipeline> dagrun:<DagRun earthquake_pipeline @ 2025-10-30 20:16:08.091344+00:00: manual__2025-10-30T20:16:08.091344+00:00, state:running, queued_at: 2025-10-30 20:16:08.117139+00:00. externally triggered: True>
[2025-10-30T20:30:29.816+0000] {logging_mixin.py:190} INFO - Failure caused by Bash command failed. The command returned a non-zero exit code 127.
[2025-10-30T20:30:29.816+0000] {taskinstance.py:1226} INFO - Marking task as UP_FOR_RETRY. dag_id=earthquake_pipeline, task_id=run_producer, run_id=manual__2025-10-30T20:16:08.091344+00:00, execution_date=20251030T201608, start_date=20251030T203029, end_date=20251030T203029
[2025-10-30T20:30:29.864+0000] {taskinstance.py:341} INFO - ::group::Post task execution logs
[2025-10-30T20:30:29.865+0000] {standard_task_runner.py:124} ERROR - Failed to execute job 45 for task run_producer (Bash command failed. The command returned a non-zero exit code 127.; 195541)
Traceback (most recent call last):
  File "/home/bensha02019/USGov-Earthquake-Streaming-Analytics-Pipeline-GCP-Kafka-Dataflow-/venv/lib/python3.12/site-packages/airflow/task/task_runner/standard_task_runner.py", line 117, in _start_by_fork
    ret = args.func(args, dag=self.dag)
          ^^^^^^^^^^^^^^^^^^^^^^^^^^^^^
  File "/home/bensha02019/USGov-Earthquake-Streaming-Analytics-Pipeline-GCP-Kafka-Dataflow-/venv/lib/python3.12/site-packages/airflow/cli/cli_config.py", line 49, in command
    return func(*args, **kwargs)
           ^^^^^^^^^^^^^^^^^^^^^
  File "/home/bensha02019/USGov-Earthquake-Streaming-Analytics-Pipeline-GCP-Kafka-Dataflow-/venv/lib/python3.12/site-packages/airflow/utils/cli.py", line 116, in wrapper
    return f(*args, **kwargs)
           ^^^^^^^^^^^^^^^^^^
  File "/home/bensha02019/USGov-Earthquake-Streaming-Analytics-Pipeline-GCP-Kafka-Dataflow-/venv/lib/python3.12/site-packages/airflow/cli/commands/task_command.py", line 483, in task_run
    task_return_code = _run_task_by_selected_method(args, _dag, ti)
                       ^^^^^^^^^^^^^^^^^^^^^^^^^^^^^^^^^^^^^^^^^^^^
  File "/home/bensha02019/USGov-Earthquake-Streaming-Analytics-Pipeline-GCP-Kafka-Dataflow-/venv/lib/python3.12/site-packages/airflow/cli/commands/task_command.py", line 256, in _run_task_by_selected_method
    return _run_raw_task(args, ti)
           ^^^^^^^^^^^^^^^^^^^^^^^
  File "/home/bensha02019/USGov-Earthquake-Streaming-Analytics-Pipeline-GCP-Kafka-Dataflow-/venv/lib/python3.12/site-packages/airflow/cli/commands/task_command.py", line 341, in _run_raw_task
    return ti._run_raw_task(
           ^^^^^^^^^^^^^^^^^
  File "/home/bensha02019/USGov-Earthquake-Streaming-Analytics-Pipeline-GCP-Kafka-Dataflow-/venv/lib/python3.12/site-packages/airflow/utils/session.py", line 97, in wrapper
    return func(*args, session=session, **kwargs)
           ^^^^^^^^^^^^^^^^^^^^^^^^^^^^^^^^^^^^^^
  File "/home/bensha02019/USGov-Earthquake-Streaming-Analytics-Pipeline-GCP-Kafka-Dataflow-/venv/lib/python3.12/site-packages/airflow/models/taskinstance.py", line 3006, in _run_raw_task
    return _run_raw_task(
           ^^^^^^^^^^^^^^
  File "/home/bensha02019/USGov-Earthquake-Streaming-Analytics-Pipeline-GCP-Kafka-Dataflow-/venv/lib/python3.12/site-packages/airflow/models/taskinstance.py", line 274, in _run_raw_task
    TaskInstance._execute_task_with_callbacks(
  File "/home/bensha02019/USGov-Earthquake-Streaming-Analytics-Pipeline-GCP-Kafka-Dataflow-/venv/lib/python3.12/site-packages/airflow/models/taskinstance.py", line 3161, in _execute_task_with_callbacks
    result = self._execute_task(context, task_orig)
             ^^^^^^^^^^^^^^^^^^^^^^^^^^^^^^^^^^^^^^
  File "/home/bensha02019/USGov-Earthquake-Streaming-Analytics-Pipeline-GCP-Kafka-Dataflow-/venv/lib/python3.12/site-packages/airflow/models/taskinstance.py", line 3185, in _execute_task
    return _execute_task(self, context, task_orig)
           ^^^^^^^^^^^^^^^^^^^^^^^^^^^^^^^^^^^^^^^
  File "/home/bensha02019/USGov-Earthquake-Streaming-Analytics-Pipeline-GCP-Kafka-Dataflow-/venv/lib/python3.12/site-packages/airflow/models/taskinstance.py", line 768, in _execute_task
    result = _execute_callable(context=context, **execute_callable_kwargs)
             ^^^^^^^^^^^^^^^^^^^^^^^^^^^^^^^^^^^^^^^^^^^^^^^^^^^^^^^^^^^^^
  File "/home/bensha02019/USGov-Earthquake-Streaming-Analytics-Pipeline-GCP-Kafka-Dataflow-/venv/lib/python3.12/site-packages/airflow/models/taskinstance.py", line 734, in _execute_callable
    return ExecutionCallableRunner(
           ^^^^^^^^^^^^^^^^^^^^^^^^
  File "/home/bensha02019/USGov-Earthquake-Streaming-Analytics-Pipeline-GCP-Kafka-Dataflow-/venv/lib/python3.12/site-packages/airflow/utils/operator_helpers.py", line 252, in run
    return self.func(*args, **kwargs)
           ^^^^^^^^^^^^^^^^^^^^^^^^^^
  File "/home/bensha02019/USGov-Earthquake-Streaming-Analytics-Pipeline-GCP-Kafka-Dataflow-/venv/lib/python3.12/site-packages/airflow/models/baseoperator.py", line 424, in wrapper
    return func(self, *args, **kwargs)
           ^^^^^^^^^^^^^^^^^^^^^^^^^^^
  File "/home/bensha02019/USGov-Earthquake-Streaming-Analytics-Pipeline-GCP-Kafka-Dataflow-/venv/lib/python3.12/site-packages/airflow/operators/bash.py", line 276, in execute
    raise AirflowException(
airflow.exceptions.AirflowException: Bash command failed. The command returned a non-zero exit code 127.
[2025-10-30T20:30:29.883+0000] {local_task_job_runner.py:266} INFO - Task exited with return code 1
[2025-10-30T20:30:29.906+0000] {taskinstance.py:3901} INFO - 0 downstream tasks scheduled from follow-on schedule check
[2025-10-30T20:30:29.908+0000] {local_task_job_runner.py:245} INFO - ::endgroup::
